     1                                  section .text
     2                                  	global _start
     3                                  
     4                                  _start:
     5 00000000 31C0                    	xor ax,ax
     6 00000002 8ED8                    	mov ds,ax
     7                                  	
     8 00000004 B8FEFF                  	mov ax,0xFFFE
     9 00000007 8ED0                    	mov ss,ax
    10                                  
    11 00000009 B400                    	mov ah,00h
    12 0000000B B003                    	mov al,03h
    13 0000000D CD10                    	int 10h
    14                                  				
    15 0000000F B8410E                  	mov ax,0E41h
    16 00000012 B700                    	mov bh,0
    17 00000014 CD10                    	int 10h
    18                                  	
    19 00000016 EBFE                    	jmp $	
    20                                  	
