     1                                  ; ===================================================================
     2                                  ;		Mapeamento de Memoria
     3                                  ; ===================================================================
     4                                  
     5                                  ; 	Espaço de memória livre de 0x0500 até 0xA0000 --> 654080(B)
     6                                  
     7                                  ; -------------------------------------------------------------------
     8                                  ;	638(KB) + 768(B) -->  0x0500   ..   0xA0000			DIF=0x9FB00
     9                                  ; -------------------------------------------------------------------
    10                                  ; 	2(KB) + 768(B)   -->  0x0500   ..   0x0FFF			DIF=0xB00
    11                                  ;   60(KB)	 		 -->  0x1000   ..   0x0FFFF			DIF=0xF000	
    12                                  ;  	9 * 64(KB)	 	 -->  0x10000  ..   0x9FFFF			DIF=0x90000
    13                                  ; -------------------------------------------------------------------
    14                                  
    15                                  ; -------------------------------------------------------------------
    16                                  ;	Mapeamento de memoria padrão para os segmentos
    17                                  ; -------------------------------------------------------------------
    18                                  ; 	KERNEL --> 63KB + 738(B) -->  0x0500   ..   0x1FFFF	DIF=0xFB00
    19                                  ; -------------------------------------------------------------------
    20                                  
    21                                  ;	
    22                                  ; 	8 Segmentos livres de 0x20000 até 0x9FFFF
    23                                  
    24                                  
    25                                  ; Programa carregado a partir do primeiro disco rigido (ou pendrive)
    26                                  ; Programa carregado na memória em (0800:0000)
    27                                  ; O programa deve estar gravado a partir do setor 2 do disco
    28                                  
    29                                  section .text
    30                                  	global _start
    31                                  
    32                                  _start:			
    33 00000000 B8FE7F                  	mov ax,0x7FFE
    34 00000003 8ED0                    	mov ss,ax
    35                                  	
    36 00000005 31C0                    	xor ax,ax
    37 00000007 8ED8                    	mov ds,ax	
    38                                  
    39 00000009 B400                    	mov ah,00h
    40 0000000B B003                    	mov al,03h
    41 0000000D CD10                    	int 10h
    42                                  	
    43                                  	; Carrega kernel na memória
    44 0000000F B402                    	mov ah,02h						; Função de leitura do disco
    45 00000011 B280                    	mov dl,80h						; Numero do driver do dispositivo
    46                                  
    47 00000013 B500                    	mov ch,0						; Trilha
    48 00000015 B600                    	mov dh,0						; Cabeçote
    49 00000017 B102                    	mov cl,2						; Setor	
    50 00000019 B036                    	mov al,54						; Quantidade de setores
    51                                  
    52 0000001B BB5000                  	mov bx,0x0050		; Segmento de memoria onde o programa sera carregado 
    53 0000001E 8EC3                    	mov es,bx
    54 00000020 BB0000                  	mov bx,0x0000		; Offset no segmento onde o programa sera carregado
    55 00000023 CD13                    	int 13h							
    56                                  
    57                                  	; Muda execução para o kernel
    58 00000025 EA00005000              	jmp 0x0050:0x0000	
    59                                  	
